<?xml version="1.0" encoding="UTF-8"?>
<!-- Generated by org.testng.reporters.JUnitReportReporter -->
<testsuite hostname="Laptop-OBS-123" failures="0" tests="6" name="api.test.GuideLineTest" time="13.049" errors="0" timestamp="2023-05-02T11:00:20 IST" skipped="0">
  <testcase classname="api.test.GuideLineTest" name="keyGeneration" time="7.053"/>
  <system-out/>
  <testcase classname="api.test.GuideLineTest" name="toViewAllGuideLine" time="1.024"/>
  <system-out/>
  <testcase classname="api.test.GuideLineTest" name="toCreateGuideLine" time="1.166"/>
  <system-out/>
  <testcase classname="api.test.GuideLineTest" name="toEditGuideLine" time="1.055"/>
  <system-out/>
  <testcase classname="api.test.GuideLineTest" name="toEditUser" time="1.801"/>
  <system-out/>
  <testcase classname="api.test.GuideLineTest" name="toDeleteGuideLine" time="0.950"/>
  <system-out/>
</testsuite> <!-- api.test.GuideLineTest -->
